2025-07-16 13:42:58,406 [INFO] django.server: "OPTIONS /api/tenant/config/?t=1752669778390 HTTP/1.1" 200 0
2025-07-16 13:42:58,511 [INFO] core: Fetched TenantConfig for tenant proliance
2025-07-16 13:42:58,513 [INFO] django.server: "GET /api/tenant/config/?t=1752669778390 HTTP/1.1" 200 5585
2025-07-16 13:42:58,578 [INFO] django.server: "GET /api/talent-engine-job-applications/published-requisitions-with-shortlisted/ HTTP/1.1" 200 28716
2025-07-16 13:43:03,171 [INFO] core: Retrieving tenant: 2 for tenant proliance
2025-07-16 13:43:03,186 [INFO] django.server: "GET /api/tenant/tenants/2/ HTTP/1.1" 200 5957
2025-07-16 13:43:03,284 [INFO] core: Retrieving tenant: 2 for tenant proliance
2025-07-16 13:43:03,295 [INFO] django.server: "GET /api/tenant/tenants/2/ HTTP/1.1" 200 5957
2025-07-16 13:43:10,704 [INFO] core: Saving tenant with schema_name: proliance
2025-07-16 13:43:10,709 [INFO] core: Tenant updated: proliance for tenant proliance
2025-07-16 13:43:10,717 [INFO] django.server: "PATCH /api/tenant/tenants/2/ HTTP/1.1" 200 5958
2025-07-16 13:44:11,659 [INFO] core: Saving tenant with schema_name: proliance
2025-07-16 13:44:11,664 [INFO] core: Tenant updated: proliance for tenant proliance
2025-07-16 13:44:11,670 [INFO] django.server: "PATCH /api/tenant/tenants/2/ HTTP/1.1" 200 5948
2025-07-16 13:44:14,726 [INFO] django.server: "OPTIONS /api/tenant/config/?t=1752669854704 HTTP/1.1" 200 0
2025-07-16 13:44:14,728 [INFO] django.server: "OPTIONS /api/tenant/config/?t=1752669854704 HTTP/1.1" 200 0
2025-07-16 13:44:14,828 [INFO] core: Fetched TenantConfig for tenant proliance
2025-07-16 13:44:14,829 [INFO] django.server: "GET /api/tenant/config/?t=1752669854704 HTTP/1.1" 200 5585
2025-07-16 13:44:14,893 [INFO] django.server: "GET /api/talent-engine-job-applications/published-requisitions-with-shortlisted/ HTTP/1.1" 200 28716
2025-07-16 13:44:14,914 [INFO] core: Fetched TenantConfig for tenant proliance
2025-07-16 13:44:14,915 [INFO] django.server: "GET /api/tenant/config/?t=1752669854704 HTTP/1.1" 200 5585
2025-07-16 13:44:15,018 [INFO] django.server: "GET /api/talent-engine-job-applications/published-requisitions-with-shortlisted/ HTTP/1.1" 200 28716
2025-07-16 13:44:16,835 [INFO] django.server: "GET /api/talent-engine-job-applications/schedules/api/timezone-choices/ HTTP/1.1" 200 286
2025-07-16 13:44:16,877 [INFO] django.server: "GET /api/talent-engine-job-applications/schedules/ HTTP/1.1" 200 7987
2025-07-16 13:44:16,913 [INFO] django.server: "GET /api/talent-engine-job-applications/schedules/api/timezone-choices/ HTTP/1.1" 200 286
2025-07-16 13:44:16,992 [INFO] django.server: "GET /api/talent-engine-job-applications/schedules/ HTTP/1.1" 200 7987
2025-07-16 13:44:19,191 [INFO] django.server: "OPTIONS /api/tenant/config/?t=1752669859178 HTTP/1.1" 200 0
2025-07-16 13:44:19,193 [INFO] django.server: "OPTIONS /api/tenant/config/?t=1752669859178 HTTP/1.1" 200 0
2025-07-16 13:44:19,284 [INFO] core: Fetched TenantConfig for tenant proliance
2025-07-16 13:44:19,285 [INFO] django.server: "GET /api/tenant/config/?t=1752669859178 HTTP/1.1" 200 5585
2025-07-16 13:44:19,350 [INFO] django.server: "GET /api/talent-engine-job-applications/published-requisitions-with-shortlisted/ HTTP/1.1" 200 28716
2025-07-16 13:44:19,370 [INFO] core: Fetched TenantConfig for tenant proliance
2025-07-16 13:44:19,372 [INFO] django.server: "GET /api/tenant/config/?t=1752669859178 HTTP/1.1" 200 5585
2025-07-16 13:44:19,481 [INFO] django.server: "GET /api/talent-engine-job-applications/published-requisitions-with-shortlisted/ HTTP/1.1" 200 28716
2025-07-16 13:44:45,863 [ERROR] django.request: Internal Server Error: /api/talent-engine-job-applications/schedules/
2025-07-16 13:44:45,864 [ERROR] django.server: "POST /api/talent-engine-job-applications/schedules/ HTTP/1.1" 500 145
2025-07-16 13:44:52,022 [INFO] django.server: "OPTIONS /api/tenant/config/?t=1752669891993 HTTP/1.1" 200 0
2025-07-16 13:44:52,121 [INFO] core: Fetched TenantConfig for tenant proliance
2025-07-16 13:44:52,123 [INFO] django.server: "GET /api/tenant/config/?t=1752669891993 HTTP/1.1" 200 5585
2025-07-16 13:44:52,173 [INFO] django.server: "GET /api/talent-engine-job-applications/published-requisitions-with-shortlisted/ HTTP/1.1" 200 28716
2025-07-16 13:45:31,718 [INFO] django.server: "OPTIONS /api/tenant/config/?t=1752669931692 HTTP/1.1" 200 0
2025-07-16 13:45:31,860 [INFO] core: Fetched TenantConfig for tenant proliance
2025-07-16 13:45:31,866 [INFO] django.server: "GET /api/tenant/config/?t=1752669931692 HTTP/1.1" 200 5585
2025-07-16 13:45:31,930 [INFO] django.server: "GET /api/talent-engine-job-applications/published-requisitions-with-shortlisted/ HTTP/1.1" 200 28716
2025-07-16 13:46:01,309 [INFO] django.server: "OPTIONS /api/tenant/config/?t=1752669961284 HTTP/1.1" 200 0
2025-07-16 13:46:01,410 [INFO] core: Fetched TenantConfig for tenant proliance
2025-07-16 13:46:01,411 [INFO] django.server: "GET /api/tenant/config/?t=1752669961284 HTTP/1.1" 200 5585
2025-07-16 13:46:01,471 [INFO] django.server: "GET /api/talent-engine-job-applications/published-requisitions-with-shortlisted/ HTTP/1.1" 200 28716
2025-07-16 13:46:05,479 [INFO] core: Retrieving tenant: 2 for tenant proliance
2025-07-16 13:46:05,486 [INFO] django.server: "GET /api/tenant/tenants/2/ HTTP/1.1" 200 5948
2025-07-16 13:46:05,563 [INFO] core: Retrieving tenant: 2 for tenant proliance
2025-07-16 13:46:05,571 [INFO] django.server: "GET /api/tenant/tenants/2/ HTTP/1.1" 200 5948
2025-07-16 13:46:10,381 [INFO] core: Saving tenant with schema_name: proliance
2025-07-16 13:46:10,386 [INFO] core: Tenant updated: proliance for tenant proliance
2025-07-16 13:46:10,395 [INFO] django.server: "PATCH /api/tenant/tenants/2/ HTTP/1.1" 200 5947
2025-07-16 13:46:12,741 [INFO] django.server: "OPTIONS /api/tenant/config/?t=1752669972717 HTTP/1.1" 200 0
2025-07-16 13:46:12,741 [INFO] django.server: "OPTIONS /api/tenant/config/?t=1752669972717 HTTP/1.1" 200 0
2025-07-16 13:46:12,835 [INFO] core: Fetched TenantConfig for tenant proliance
2025-07-16 13:46:12,836 [INFO] django.server: "GET /api/tenant/config/?t=1752669972717 HTTP/1.1" 200 5585
2025-07-16 13:46:12,908 [INFO] django.server: "GET /api/talent-engine-job-applications/published-requisitions-with-shortlisted/ HTTP/1.1" 200 28716
2025-07-16 13:46:12,919 [INFO] core: Fetched TenantConfig for tenant proliance
2025-07-16 13:46:12,921 [INFO] django.server: "GET /api/tenant/config/?t=1752669972717 HTTP/1.1" 200 5585
2025-07-16 13:46:13,059 [INFO] django.server: "GET /api/talent-engine-job-applications/published-requisitions-with-shortlisted/ HTTP/1.1" 200 28716
2025-07-16 13:46:27,481 [ERROR] django.request: Internal Server Error: /api/talent-engine-job-applications/schedules/
2025-07-16 13:46:27,482 [ERROR] django.server: "POST /api/talent-engine-job-applications/schedules/ HTTP/1.1" 500 129
2025-07-16 13:47:00,276 [INFO] django.server: "OPTIONS /api/tenant/config/?t=1752670020246 HTTP/1.1" 200 0
2025-07-16 13:47:00,369 [INFO] core: Fetched TenantConfig for tenant proliance
2025-07-16 13:47:00,371 [INFO] django.server: "GET /api/tenant/config/?t=1752670020246 HTTP/1.1" 200 5585
2025-07-16 13:47:00,423 [INFO] django.server: "GET /api/talent-engine-job-applications/published-requisitions-with-shortlisted/ HTTP/1.1" 200 28716
2025-07-16 13:48:31,460 [INFO] django.server: "OPTIONS /api/tenant/config/?t=1752670111415 HTTP/1.1" 200 0
2025-07-16 13:48:31,567 [INFO] core: Fetched TenantConfig for tenant proliance
2025-07-16 13:48:31,569 [INFO] django.server: "GET /api/tenant/config/?t=1752670111415 HTTP/1.1" 200 5585
2025-07-16 13:48:31,605 [INFO] django.server: "GET /api/talent-engine-job-applications/published-requisitions-with-shortlisted/ HTTP/1.1" 200 28716
2025-07-16 13:48:32,925 [INFO] django.server: "OPTIONS /api/tenant/config/?t=1752670112880 HTTP/1.1" 200 0
2025-07-16 13:48:33,079 [INFO] core: Fetched TenantConfig for tenant proliance
2025-07-16 13:48:33,082 [INFO] django.server: "GET /api/tenant/config/?t=1752670112880 HTTP/1.1" 200 5585
2025-07-16 13:48:33,143 [INFO] django.server: "GET /api/talent-engine-job-applications/published-requisitions-with-shortlisted/ HTTP/1.1" 200 28716
2025-07-16 13:52:13,319 [INFO] django.utils.autoreload: C:\Users\CPT-003\Desktop\CRM\crm_api\job_application\views.py changed, reloading.
2025-07-16 13:52:16,424 [INFO] django.utils.autoreload: Watching for file changes with StatReloader
2025-07-16 13:52:47,425 [INFO] django.server: "OPTIONS /api/tenant/config/?t=1752670367416 HTTP/1.1" 200 0
2025-07-16 13:52:47,566 [INFO] core: Fetched TenantConfig for tenant proliance
2025-07-16 13:52:47,569 [INFO] django.server: "GET /api/tenant/config/?t=1752670367416 HTTP/1.1" 200 5585
2025-07-16 13:52:47,650 [INFO] django.server: "GET /api/talent-engine-job-applications/published-requisitions-with-shortlisted/ HTTP/1.1" 200 28716
2025-07-16 13:53:32,797 [INFO] django.utils.autoreload: C:\Users\CPT-003\Desktop\CRM\crm_api\job_application\views.py changed, reloading.
2025-07-16 13:53:36,446 [INFO] django.utils.autoreload: Watching for file changes with StatReloader
2025-07-16 13:53:48,445 [INFO] django.server: "OPTIONS /api/tenant/config/?t=1752670428432 HTTP/1.1" 200 0
2025-07-16 13:53:48,645 [INFO] core: Fetched TenantConfig for tenant proliance
2025-07-16 13:53:48,649 [INFO] django.server: "GET /api/tenant/config/?t=1752670428432 HTTP/1.1" 200 5585
2025-07-16 13:53:48,764 [INFO] django.server: "GET /api/talent-engine-job-applications/published-requisitions-with-shortlisted/ HTTP/1.1" 200 28716
2025-07-16 13:54:17,421 [INFO] django.server: "OPTIONS /api/tenant/config/?t=1752670457416 HTTP/1.1" 200 0
2025-07-16 13:54:17,546 [INFO] django.server: "GET /api/talent-engine-job-applications/published-requisitions-with-shortlisted/ HTTP/1.1" 200 28716
2025-07-16 13:54:17,604 [INFO] core: Fetched TenantConfig for tenant proliance
2025-07-16 13:54:17,605 [INFO] django.server: "GET /api/tenant/config/?t=1752670457416 HTTP/1.1" 200 5585
2025-07-16 13:55:29,399 [INFO] django.server: "OPTIONS /api/tenant/config/?t=1752670529394 HTTP/1.1" 200 0
2025-07-16 13:55:29,492 [INFO] core: Fetched TenantConfig for tenant proliance
2025-07-16 13:55:29,494 [INFO] django.server: "GET /api/tenant/config/?t=1752670529394 HTTP/1.1" 200 5585
2025-07-16 13:55:29,557 [INFO] django.server: "GET /api/talent-engine-job-applications/published-requisitions-with-shortlisted/ HTTP/1.1" 200 28716
2025-07-16 13:55:43,656 [INFO] django.server: "OPTIONS /api/tenant/config/?t=1752670543619 HTTP/1.1" 200 0
2025-07-16 13:55:43,756 [INFO] core: Fetched TenantConfig for tenant proliance
2025-07-16 13:55:43,758 [INFO] django.server: "GET /api/tenant/config/?t=1752670543619 HTTP/1.1" 200 5585
2025-07-16 13:55:43,806 [INFO] django.server: "GET /api/talent-engine-job-applications/published-requisitions-with-shortlisted/ HTTP/1.1" 200 28716
2025-07-16 13:55:47,522 [ERROR] django.request: Internal Server Error: /api/talent-engine-job-applications/schedules/
2025-07-16 13:55:47,523 [ERROR] django.server: "POST /api/talent-engine-job-applications/schedules/ HTTP/1.1" 500 334
2025-07-16 13:55:58,983 [ERROR] django.request: Internal Server Error: /api/talent-engine-job-applications/schedules/
2025-07-16 13:55:58,984 [ERROR] django.server: "POST /api/talent-engine-job-applications/schedules/ HTTP/1.1" 500 334
2025-07-16 13:56:09,025 [INFO] core: Retrieving tenant: 2 for tenant proliance
2025-07-16 13:56:09,036 [INFO] django.server: "GET /api/tenant/tenants/2/ HTTP/1.1" 200 5947
2025-07-16 13:56:09,102 [INFO] core: Retrieving tenant: 2 for tenant proliance
2025-07-16 13:56:09,112 [INFO] django.server: "GET /api/tenant/tenants/2/ HTTP/1.1" 200 5947
2025-07-16 13:56:17,417 [INFO] core: Saving tenant with schema_name: proliance
2025-07-16 13:56:17,422 [INFO] core: Tenant updated: proliance for tenant proliance
2025-07-16 13:56:17,428 [INFO] django.server: "PATCH /api/tenant/tenants/2/ HTTP/1.1" 200 5948
2025-07-16 13:56:20,333 [INFO] django.server: "OPTIONS /api/tenant/config/?t=1752670580314 HTTP/1.1" 200 0
2025-07-16 13:56:20,335 [INFO] django.server: "OPTIONS /api/tenant/config/?t=1752670580316 HTTP/1.1" 200 0
2025-07-16 13:56:20,427 [INFO] core: Fetched TenantConfig for tenant proliance
2025-07-16 13:56:20,431 [INFO] django.server: "GET /api/tenant/config/?t=1752670580314 HTTP/1.1" 200 5585
2025-07-16 13:56:20,438 [INFO] core: Fetched TenantConfig for tenant proliance
2025-07-16 13:56:20,441 [INFO] django.server: "GET /api/tenant/config/?t=1752670580316 HTTP/1.1" 200 5585
2025-07-16 13:56:20,481 [INFO] django.server: "GET /api/talent-engine-job-applications/published-requisitions-with-shortlisted/ HTTP/1.1" 200 28716
2025-07-16 13:56:20,592 [INFO] django.server: "GET /api/talent-engine-job-applications/published-requisitions-with-shortlisted/ HTTP/1.1" 200 28716
2025-07-16 13:57:44,997 [INFO] django.server: "OPTIONS /api/tenant/config/?t=1752670664962 HTTP/1.1" 200 0
2025-07-16 13:57:45,133 [INFO] core: Fetched TenantConfig for tenant proliance
2025-07-16 13:57:45,136 [INFO] django.server: "GET /api/tenant/config/?t=1752670664962 HTTP/1.1" 200 5585
2025-07-16 13:57:45,216 [INFO] django.server: "GET /api/talent-engine-job-applications/published-requisitions-with-shortlisted/ HTTP/1.1" 200 28716
2025-07-16 13:58:08,707 [ERROR] django.request: Internal Server Error: /api/talent-engine-job-applications/schedules/
2025-07-16 13:58:08,707 [ERROR] django.server: "POST /api/talent-engine-job-applications/schedules/ HTTP/1.1" 500 350
2025-07-16 13:59:41,172 [INFO] django.server: "OPTIONS /api/tenant/config/?t=1752670781143 HTTP/1.1" 200 0
2025-07-16 13:59:41,328 [INFO] core: Fetched TenantConfig for tenant proliance
2025-07-16 13:59:41,330 [INFO] django.server: "GET /api/tenant/config/?t=1752670781143 HTTP/1.1" 200 5585
2025-07-16 13:59:41,384 [INFO] django.server: "GET /api/talent-engine-job-applications/published-requisitions-with-shortlisted/ HTTP/1.1" 200 28716
2025-07-16 14:00:11,198 [INFO] django.server: "OPTIONS /api/tenant/config/?t=1752670811159 HTTP/1.1" 200 0
2025-07-16 14:00:11,395 [INFO] core: Fetched TenantConfig for tenant proliance
2025-07-16 14:00:11,397 [INFO] django.server: "GET /api/tenant/config/?t=1752670811159 HTTP/1.1" 200 5585
2025-07-16 14:00:11,504 [INFO] django.server: "GET /api/talent-engine-job-applications/published-requisitions-with-shortlisted/ HTTP/1.1" 200 28716
2025-07-16 14:00:38,982 [INFO] django.server: "OPTIONS /api/tenant/config/?t=1752670838941 HTTP/1.1" 200 0
2025-07-16 14:00:39,201 [INFO] core: Fetched TenantConfig for tenant proliance
2025-07-16 14:00:39,212 [INFO] django.server: "GET /api/tenant/config/?t=1752670838941 HTTP/1.1" 200 5585
2025-07-16 14:00:39,324 [INFO] django.server: "GET /api/talent-engine-job-applications/published-requisitions-with-shortlisted/ HTTP/1.1" 200 28716
2025-07-16 14:01:17,254 [INFO] django.server: "OPTIONS /api/tenant/config/?t=1752670877203 HTTP/1.1" 200 0
2025-07-16 14:01:17,407 [INFO] core: Fetched TenantConfig for tenant proliance
2025-07-16 14:01:17,412 [INFO] django.server: "GET /api/tenant/config/?t=1752670877203 HTTP/1.1" 200 5585
2025-07-16 14:01:17,501 [INFO] django.server: "GET /api/talent-engine-job-applications/published-requisitions-with-shortlisted/ HTTP/1.1" 200 28716
2025-07-16 14:01:28,769 [INFO] django.server: "OPTIONS /api/tenant/config/?t=1752670888758 HTTP/1.1" 200 0
2025-07-16 14:01:28,880 [INFO] core: Fetched TenantConfig for tenant proliance
2025-07-16 14:01:28,882 [INFO] django.server: "GET /api/tenant/config/?t=1752670888758 HTTP/1.1" 200 5585
2025-07-16 14:01:28,940 [INFO] django.server: "GET /api/talent-engine-job-applications/published-requisitions-with-shortlisted/ HTTP/1.1" 200 28716
2025-07-16 14:01:32,496 [INFO] django.server: "OPTIONS /api/tenant/config/?t=1752670892445 HTTP/1.1" 200 0
2025-07-16 14:01:32,726 [INFO] core: Fetched TenantConfig for tenant proliance
2025-07-16 14:01:32,732 [INFO] django.server: "GET /api/tenant/config/?t=1752670892445 HTTP/1.1" 200 5585
2025-07-16 14:01:32,823 [INFO] django.server: "GET /api/talent-engine-job-applications/published-requisitions-with-shortlisted/ HTTP/1.1" 200 28716
2025-07-16 14:01:34,721 [INFO] django.server: "OPTIONS /api/tenant/config/?t=1752670894690 HTTP/1.1" 200 0
2025-07-16 14:01:34,852 [INFO] core: Fetched TenantConfig for tenant proliance
2025-07-16 14:01:34,854 [INFO] django.server: "GET /api/tenant/config/?t=1752670894690 HTTP/1.1" 200 5585
2025-07-16 14:01:34,925 [INFO] django.server: "GET /api/talent-engine-job-applications/published-requisitions-with-shortlisted/ HTTP/1.1" 200 28716
2025-07-16 14:01:38,367 [INFO] django.server: "OPTIONS /api/tenant/config/?t=1752670898342 HTTP/1.1" 200 0
2025-07-16 14:01:38,477 [INFO] core: Fetched TenantConfig for tenant proliance
2025-07-16 14:01:38,479 [INFO] django.server: "GET /api/tenant/config/?t=1752670898342 HTTP/1.1" 200 5585
2025-07-16 14:01:38,544 [INFO] django.server: "GET /api/talent-engine-job-applications/published-requisitions-with-shortlisted/ HTTP/1.1" 200 28716
